<?xml version="1.0" encoding="UTF-8"?>
<testng-results ignored="0" total="1" passed="1" failed="0" skipped="0">
  <reporter-output>
    <line>
      <![CDATA[Opening browser]]>
    </line>
    <line>
      <![CDATA[Logged in]]>
    </line>
    <line>
      <![CDATA[Created First TC]]>
    </line>
    <line>
      <![CDATA[Logged out]]>
    </line>
    <line>
      <![CDATA[Closing browser]]>
    </line>
  </reporter-output>
  <suite started-at="2026-07-10T10:17:24 IST" name="Default suite" finished-at="2026-07-10T10:17:44 IST" duration-ms="20803">
    <groups>
    </groups>
    <test started-at="2026-07-10T10:17:24 IST" name="Default test" finished-at="2026-07-10T10:17:44 IST" duration-ms="20803">
      <class name="com.Actitime.testcript.CreateHomePageTestScipt">
        <test-method is-config="true" signature="openbrowser()[pri:0, instance:com.Actitime.testcript.CreateHomePageTestScipt@3b0090a4]" started-at="2026-07-10T10:17:24 IST" name="openbrowser" finished-at="2026-07-10T10:17:44 IST" duration-ms="20443" status="PASS">
          <reporter-output>
            <line>
              <![CDATA[Opening browser]]>
            </line>
          </reporter-output>
        </test-method> <!-- openbrowser -->
        <test-method is-config="true" signature="login()[pri:0, instance:com.Actitime.testcript.CreateHomePageTestScipt@3b0090a4]" started-at="2026-07-10T10:17:44 IST" name="login" finished-at="2026-07-10T10:17:44 IST" duration-ms="6" status="PASS">
          <reporter-output>
            <line>
              <![CDATA[Logged in]]>
            </line>
          </reporter-output>
        </test-method> <!-- login -->
        <test-method signature="CreateCustomer()[pri:0, instance:com.Actitime.testcript.CreateHomePageTestScipt@3b0090a4]" started-at="2026-07-10T10:17:44 IST" name="CreateCustomer" finished-at="2026-07-10T10:17:44 IST" duration-ms="38" status="PASS">
          <reporter-output>
            <line>
              <![CDATA[Created First TC]]>
            </line>
          </reporter-output>
        </test-method> <!-- CreateCustomer -->
        <test-method is-config="true" signature="close()[pri:0, instance:com.Actitime.testcript.CreateHomePageTestScipt@3b0090a4]" started-at="2026-07-10T10:17:44 IST" name="close" finished-at="2026-07-10T10:17:44 IST" duration-ms="2" status="PASS">
          <reporter-output>
            <line>
              <![CDATA[Logged out]]>
            </line>
          </reporter-output>
        </test-method> <!-- close -->
        <test-method is-config="true" signature="closebrowser()[pri:0, instance:com.Actitime.testcript.CreateHomePageTestScipt@3b0090a4]" started-at="2026-07-10T10:17:44 IST" name="closebrowser" finished-at="2026-07-10T10:17:44 IST" duration-ms="5" status="PASS">
          <reporter-output>
            <line>
              <![CDATA[Closing browser]]>
            </line>
          </reporter-output>
        </test-method> <!-- closebrowser -->
      </class> <!-- com.Actitime.testcript.CreateHomePageTestScipt -->
    </test> <!-- Default test -->
  </suite> <!-- Default suite -->
</testng-results>
