<?xml version="1.0" encoding="UTF-8"?>
<!-- Generated by org.testng.reporters.JUnitReportReporter -->
<testsuite hostname="DESKTOP-2607H3J" failures="0" tests="1" name="com.Actitime.testcript.CreateHomePageTestScipt" time="0.046" errors="0" timestamp="2026-07-10T10:17:45 IST" skipped="0">
  <testcase classname="com.Actitime.testcript.CreateHomePageTestScipt" name="CreateCustomer" time="0.046">
    <system-out>
      <![CDATA[Created First TC]]>
    </system-out>
  </testcase> <!-- CreateCustomer -->
  <system-out>
    <![CDATA[Opening browser
Logged in
Created First TC
Logged out
Closing browser]]>
  </system-out>
</testsuite> <!-- com.Actitime.testcript.CreateHomePageTestScipt -->
